<?xml version="1.0" encoding="UTF-8"?>
<!-- Generated by org.testng.reporters.JUnitReportReporter -->
<testsuite hostname="DeeshaST123" failures="0" tests="1" name="com.qa.tests.LoginPageTest" time="0.669" errors="0" timestamp="2023-02-03T11:11:54 IST" skipped="0">
  <testcase classname="com.qa.tests.LoginPageTest" name="loginPageTest" time="0.669"/>
  <system-out/>
</testsuite> <!-- com.qa.tests.LoginPageTest -->
