<?xml version="1.0" encoding="UTF-8"?>
<!-- Generated by org.testng.reporters.JUnitReportReporter -->
<testsuite hostname="DeeshaST123" failures="0" tests="1" name="Cucumber.TestNGTestRunner" time="22.784" errors="0" timestamp="2023-02-15T13:59:36 IST" skipped="0">
  <testcase classname="Cucumber.TestNGTestRunner" name="runScenario" time="22.784"/>
  <system-out/>
</testsuite> <!-- Cucumber.TestNGTestRunner -->
