<?xml version="1.0" encoding="UTF-8"?>
<!-- Generated by org.testng.reporters.JUnitReportReporter -->
<testsuite hostname="DeeshaST123" failures="0" tests="1" name="com.qa.test.StandaloneTest" time="24.170" errors="0" timestamp="2023-02-09T17:45:06 IST" skipped="0">
  <testcase classname="com.qa.test.StandaloneTest" name="standalonetest" time="24.170"/>
  <system-out/>
</testsuite> <!-- com.qa.test.StandaloneTest -->
